ECE 695 - Lab 1 
Select application: 
  1 - CPU SAXPY 
  2 - GPU SAXPY 
  3 - CPU Monte-Carlo Pi 
  4 - GPU Monte-Carlo Pi 
==2185769== NVPROF is profiling process 2185769, command: ./lab1 -2

Choice selected - 2

Running SAXPY GPU! 

Hello GPU Saxpy!

 Adding vectors : 
 scale = 2.000000
 a = { 83.0000, 86.0000, 77.0000, 15.0000, 93.0000,  ... }
 b = { 22.0000, 58.0000, 69.0000, 67.0000, 93.0000,  ... }
 c = { 188.0000, 230.0000, 223.0000, 97.0000, 279.0000,  ... }
Found 0 / 32 errors 
Lazy, you are!
Write code, you must


 ... Done!
==2185769== Profiling application: ./lab1 -2
==2185769== Profiling result:
            Type  Time(%)      Time     Calls       Avg       Min       Max  Name
 GPU activities:   34.51%  1.8550us         1  1.8550us  1.8550us  1.8550us  saxpy_gpu(float*, float*, float, int)
                   32.76%  1.7610us         2     880ns     673ns  1.0880us  [CUDA memcpy HtoD]
                   32.74%  1.7600us         1  1.7600us  1.7600us  1.7600us  [CUDA memcpy DtoH]
      API calls:   92.95%  90.706ms         2  45.353ms  4.3740us  90.701ms  cudaMalloc
                    6.69%  6.5312ms         1  6.5312ms  6.5312ms  6.5312ms  cudaLaunchKernel
                    0.13%  127.01us       114  1.1140us      82ns  54.171us  cuDeviceGetAttribute
                    0.11%  111.59us         2  55.797us  6.2490us  105.35us  cudaFree
                    0.09%  88.914us         3  29.638us  4.6410us  56.977us  cudaMemcpy
                    0.01%  10.702us         1  10.702us  10.702us  10.702us  cuDeviceGetName
                    0.01%  5.1600us         1  5.1600us  5.1600us  5.1600us  cuDeviceGetPCIBusId
                    0.00%  1.1340us         3     378ns     101ns     722ns  cuDeviceGetCount
                    0.00%     491ns         2     245ns     112ns     379ns  cuDeviceGet
                    0.00%     330ns         1     330ns     330ns     330ns  cuModuleGetLoadingMode
                    0.00%     294ns         1     294ns     294ns     294ns  cuDeviceTotalMem
                    0.00%     159ns         1     159ns     159ns     159ns  cuDeviceGetUuid
