ECE 695 - Lab 1 
Select application: 
  1 - CPU SAXPY 
  2 - GPU SAXPY 
  3 - CPU Monte-Carlo Pi 
  4 - GPU Monte-Carlo Pi 
==1558119== NVPROF is profiling process 1558119, command: ./lab1

Choice selected - 4

Running Monte-Carlo Pi Estimation on GPU! 

Sneaky, you are ...
Compute pi, you must!
Estimated Pi = 0.785378
It took 0.166713 seconds.

 ... Done!
==1558119== Profiling application: ./lab1
==1558119== Profiling result:
            Type  Time(%)      Time     Calls       Avg       Min       Max  Name
 GPU activities:   99.99%  63.461ms         1  63.461ms  63.461ms  63.461ms  generatePoints(unsigned long*, unsigned long, unsigned long)
                    0.01%  5.1200us         1  5.1200us  5.1200us  5.1200us  reduceCounts(unsigned long*, unsigned long*, unsigned long, unsigned long)
                    0.00%  2.1430us         1  2.1430us  2.1430us  2.1430us  [CUDA memcpy DtoH]
      API calls:   58.51%  97.608ms         2  48.804ms  3.5670us  97.604ms  cudaMalloc
                   38.04%  63.462ms         1  63.462ms  63.462ms  63.462ms  cudaMemcpy
                    3.28%  5.4649ms         2  2.7325ms  6.3880us  5.4585ms  cudaLaunchKernel
                    0.08%  134.41us         2  67.204us  7.5410us  126.87us  cudaFree
                    0.08%  128.68us       114  1.1280us      87ns  51.654us  cuDeviceGetAttribute
                    0.01%  10.993us         1  10.993us  10.993us  10.993us  cuDeviceGetName
                    0.00%  6.5660us         1  6.5660us  6.5660us  6.5660us  cuDeviceGetPCIBusId
                    0.00%  1.2660us         3     422ns     117ns     973ns  cuDeviceGetCount
                    0.00%     606ns         1     606ns     606ns     606ns  cuDeviceTotalMem
                    0.00%     404ns         1     404ns     404ns     404ns  cudaGetDeviceCount
                    0.00%     378ns         2     189ns      94ns     284ns  cuDeviceGet
                    0.00%     340ns         1     340ns     340ns     340ns  cuModuleGetLoadingMode
                    0.00%     291ns         1     291ns     291ns     291ns  cuDeviceGetUuid
